
--------------------------------------------------
TXLib предупреждает:

Программа: C:\Users\NOTE-NOTE\Desktop\летка\SquareSolver\start.exe,

ВНЕЗАПНО: Нарушение доступа к памяти.

#1: Исключение EXCEPTION_ACCESS_VIOLATION (0xC0000005) при выполнении кода по адресу 0x75089B50 в функции strcmp(). Попытка прочесть данные по адресу NULL в модуле C:\Windows\System32\msvcrt.dll. Спасибо _txVectoredExceptionHandler(), что сообщил. Люблю его <3

#1: TXLib [Ver: 00173a, Rev: 174, Date: 2025-08-17 06:00:49 +0400], Instance: 0x0074C85C (32-bit), Flags: Cmdre0, Thread: 0x496C (Main), GetLastError(): 126 (Не найден указанный модуль). 

--------------------------------------------------
Стек вызовов:

# 0 0x75089B50 in C:\Windows\System32\msvcrt.dll: strcmp()

# 1 0x0042D90A in C:\Users\NOTE-NOTE\Desktop\летка\SquareSolver\start.exe: main() at C:/Users/NOTE-NOTE/Desktop/летка/SquareSolver/SquareMain.cpp:12:

     10:     {
     11:     colors color = NOT_COLORED;
=>   12:     if (!CommandsCalled (argc, argv, &color))
     13:         {
     14:         /*UNIT-тесты*/

--------------------------------------------------
Developed with:

The Dumb Artist Library (TX Library)
TXLib [Ver: 00173a, Rev: 174, Date: 2025-08-17 06:00:49 +0400]
Copyright (C) Ded (Ilya Dedinsky, http://txlib.ru) <mail@txlib.ru>
See license on: http://txlib.ru

TXLib file:	C:\Users\NOTE-NOTE\Desktop\летка\TX\TXLib.h
Compiled:	Aug 26 2025 21:16:46, GNU g++ 4.8.1, std=201103L, MinGW Runtime 3.20, 32-bit, DEBUG
Started:	Aug 26 2025 21:36:43

Run file:	C:\Users\NOTE-NOTE\Desktop\летка\SquareSolver\start.exe
Directory:	C:\Users\NOTE-NOTE\Desktop\летка\SquareSolver

--------------------------------------------------

--------------------------------------------------
TXLib соболезнует...

Программа: C:\Users\NOTE-NOTE\Desktop\летка\SquareSolver\start.exe,

ВНЕЗАПНО: signal (11, 0x00): SIGSEGV: Доступ по неверному указателю. Ставьте ассерты! 

Нарушение доступа к памяти.

#1: Исключение EXCEPTION_ACCESS_VIOLATION (0xC0000005) при выполнении кода по адресу 0x75089B50 в функции strcmp(). Попытка прочесть данные по адресу NULL в модуле C:\Windows\System32\msvcrt.dll. Спасибо _txVectoredExceptionHandler(), что сообщил. Люблю его <3

С помощью функции signal() вы можете сами обработать эту ошибку.

#2: TXLib [Ver: 00173a, Rev: 174, Date: 2025-08-17 06:00:49 +0400], Instance: 0x0074C85C (32-bit), Flags: Cmdre0, Thread: 0x496C (Main), GetLastError(): 126 (Не найден указанный модуль). 

--------------------------------------------------
Стек вызовов:

# 0 0x75089B50 in C:\Windows\System32\msvcrt.dll: strcmp()

# 1 0x0042D90A in C:\Users\NOTE-NOTE\Desktop\летка\SquareSolver\start.exe: main() at C:/Users/NOTE-NOTE/Desktop/летка/SquareSolver/SquareMain.cpp:12:

     10:     {
     11:     colors color = NOT_COLORED;
=>   12:     if (!CommandsCalled (argc, argv, &color))
     13:         {
     14:         /*UNIT-тесты*/

--------------------------------------------------
Developed with:

The Dumb Artist Library (TX Library)
TXLib [Ver: 00173a, Rev: 174, Date: 2025-08-17 06:00:49 +0400]
Copyright (C) Ded (Ilya Dedinsky, http://txlib.ru) <mail@txlib.ru>
See license on: http://txlib.ru

TXLib file:	C:\Users\NOTE-NOTE\Desktop\летка\TX\TXLib.h
Compiled:	Aug 26 2025 21:16:46, GNU g++ 4.8.1, std=201103L, MinGW Runtime 3.20, 32-bit, DEBUG
Started:	Aug 26 2025 21:36:43

Run file:	C:\Users\NOTE-NOTE\Desktop\летка\SquareSolver\start.exe
Directory:	C:\Users\NOTE-NOTE\Desktop\летка\SquareSolver

--------------------------------------------------

--------------------------------------------------
TXLib предупреждает:

Программа: C:\Users\NOTE-NOTE\Desktop\летка\SquareSolver\start.exe,

ВНЕЗАПНО: Нарушение доступа к памяти.

#1: Исключение EXCEPTION_ACCESS_VIOLATION (0xC0000005) при выполнении кода по адресу 0x75089B50 в функции strcmp(). Попытка прочесть данные по адресу NULL в модуле C:\Windows\System32\msvcrt.dll. Спасибо _txVectoredExceptionHandler(), что сообщил. Люблю его <3

#1: TXLib [Ver: 00173a, Rev: 174, Date: 2025-08-17 06:00:49 +0400], Instance: 0x0074C85C (32-bit), Flags: Cmdre0, Thread: 0x49E4 (Main), GetLastError(): 126 (Не найден указанный модуль). 

--------------------------------------------------
Стек вызовов:

# 0 0x75089B50 in C:\Windows\System32\msvcrt.dll: strcmp()

# 1 0x0042D90A in C:\Users\NOTE-NOTE\Desktop\летка\SquareSolver\start.exe: main() at C:/Users/NOTE-NOTE/Desktop/летка/SquareSolver/SquareMain.cpp:12:

     10:     {
     11:     colors color = NOT_COLORED;
=>   12:     if (!CommandsCalled (argc, argv, &color))
     13:         {
     14:         /*UNIT-тесты*/

--------------------------------------------------
Developed with:

The Dumb Artist Library (TX Library)
TXLib [Ver: 00173a, Rev: 174, Date: 2025-08-17 06:00:49 +0400]
Copyright (C) Ded (Ilya Dedinsky, http://txlib.ru) <mail@txlib.ru>
See license on: http://txlib.ru

TXLib file:	C:\Users\NOTE-NOTE\Desktop\летка\TX\TXLib.h
Compiled:	Aug 26 2025 21:16:46, GNU g++ 4.8.1, std=201103L, MinGW Runtime 3.20, 32-bit, DEBUG
Started:	Aug 26 2025 21:37:56

Run file:	C:\Users\NOTE-NOTE\Desktop\летка\SquareSolver\start.exe
Directory:	C:\Users\NOTE-NOTE\Desktop\летка\SquareSolver

--------------------------------------------------

--------------------------------------------------
TXLib соболезнует...

Программа: C:\Users\NOTE-NOTE\Desktop\летка\SquareSolver\start.exe,

ВНЕЗАПНО: signal (11, 0x00): SIGSEGV: Доступ по неверному указателю. Ставьте ассерты! 

Нарушение доступа к памяти.

#1: Исключение EXCEPTION_ACCESS_VIOLATION (0xC0000005) при выполнении кода по адресу 0x75089B50 в функции strcmp(). Попытка прочесть данные по адресу NULL в модуле C:\Windows\System32\msvcrt.dll. Спасибо _txVectoredExceptionHandler(), что сообщил. Люблю его <3

С помощью функции signal() вы можете сами обработать эту ошибку.

#2: TXLib [Ver: 00173a, Rev: 174, Date: 2025-08-17 06:00:49 +0400], Instance: 0x0074C85C (32-bit), Flags: Cmdre0, Thread: 0x49E4 (Main), GetLastError(): 126 (Не найден указанный модуль). 

--------------------------------------------------
Стек вызовов:

# 0 0x75089B50 in C:\Windows\System32\msvcrt.dll: strcmp()

# 1 0x0042D90A in C:\Users\NOTE-NOTE\Desktop\летка\SquareSolver\start.exe: main() at C:/Users/NOTE-NOTE/Desktop/летка/SquareSolver/SquareMain.cpp:12:

     10:     {
     11:     colors color = NOT_COLORED;
=>   12:     if (!CommandsCalled (argc, argv, &color))
     13:         {
     14:         /*UNIT-тесты*/

--------------------------------------------------
Developed with:

The Dumb Artist Library (TX Library)
TXLib [Ver: 00173a, Rev: 174, Date: 2025-08-17 06:00:49 +0400]
Copyright (C) Ded (Ilya Dedinsky, http://txlib.ru) <mail@txlib.ru>
See license on: http://txlib.ru

TXLib file:	C:\Users\NOTE-NOTE\Desktop\летка\TX\TXLib.h
Compiled:	Aug 26 2025 21:16:46, GNU g++ 4.8.1, std=201103L, MinGW Runtime 3.20, 32-bit, DEBUG
Started:	Aug 26 2025 21:37:56

Run file:	C:\Users\NOTE-NOTE\Desktop\летка\SquareSolver\start.exe
Directory:	C:\Users\NOTE-NOTE\Desktop\летка\SquareSolver

--------------------------------------------------

--------------------------------------------------
TXLib предупреждает:

Программа: C:\Users\NOTE-NOTE\Desktop\летка\SquareSolver\start.exe,

ВНЕЗАПНО: Нарушение доступа к памяти.

#1: Исключение EXCEPTION_ACCESS_VIOLATION (0xC0000005) при выполнении кода по адресу 0x75089B50 в функции strcmp(). Попытка прочесть данные по адресу NULL в модуле C:\Windows\System32\msvcrt.dll. Спасибо _txVectoredExceptionHandler(), что сообщил. Люблю его <3

#1: TXLib [Ver: 00173a, Rev: 174, Date: 2025-08-17 06:00:49 +0400], Instance: 0x0074C85C (32-bit), Flags: Cmdre0, Thread: 0x4DAC (Main), GetLastError(): 126 (Не найден указанный модуль). 

--------------------------------------------------
Стек вызовов:

# 0 0x75089B50 in C:\Windows\System32\msvcrt.dll: strcmp()

# 1 0x0042D90A in C:\Users\NOTE-NOTE\Desktop\летка\SquareSolver\start.exe: main() at C:/Users/NOTE-NOTE/Desktop/летка/SquareSolver/SquareMain.cpp:12:

     10:     {
     11:     colors color = NOT_COLORED;
=>   12:     if (!CommandsCalled (argc, argv, &color))
     13:         {
     14:         /*UNIT-тесты*/

--------------------------------------------------
Developed with:

The Dumb Artist Library (TX Library)
TXLib [Ver: 00173a, Rev: 174, Date: 2025-08-17 06:00:49 +0400]
Copyright (C) Ded (Ilya Dedinsky, http://txlib.ru) <mail@txlib.ru>
See license on: http://txlib.ru

TXLib file:	C:\Users\NOTE-NOTE\Desktop\летка\TX\TXLib.h
Compiled:	Aug 26 2025 21:16:46, GNU g++ 4.8.1, std=201103L, MinGW Runtime 3.20, 32-bit, DEBUG
Started:	Aug 26 2025 21:39:34

Run file:	C:\Users\NOTE-NOTE\Desktop\летка\SquareSolver\start.exe
Directory:	C:\Users\NOTE-NOTE\Desktop\летка\SquareSolver

--------------------------------------------------

--------------------------------------------------
TXLib соболезнует...

Программа: C:\Users\NOTE-NOTE\Desktop\летка\SquareSolver\start.exe,

ВНЕЗАПНО: signal (11, 0x00): SIGSEGV: Доступ по неверному указателю. Ставьте ассерты! 

Нарушение доступа к памяти.

#1: Исключение EXCEPTION_ACCESS_VIOLATION (0xC0000005) при выполнении кода по адресу 0x75089B50 в функции strcmp(). Попытка прочесть данные по адресу NULL в модуле C:\Windows\System32\msvcrt.dll. Спасибо _txVectoredExceptionHandler(), что сообщил. Люблю его <3

С помощью функции signal() вы можете сами обработать эту ошибку.

#2: TXLib [Ver: 00173a, Rev: 174, Date: 2025-08-17 06:00:49 +0400], Instance: 0x0074C85C (32-bit), Flags: Cmdre0, Thread: 0x4DAC (Main), GetLastError(): 126 (Не найден указанный модуль). 

--------------------------------------------------
Стек вызовов:

# 0 0x75089B50 in C:\Windows\System32\msvcrt.dll: strcmp()

# 1 0x0042D90A in C:\Users\NOTE-NOTE\Desktop\летка\SquareSolver\start.exe: main() at C:/Users/NOTE-NOTE/Desktop/летка/SquareSolver/SquareMain.cpp:12:

     10:     {
     11:     colors color = NOT_COLORED;
=>   12:     if (!CommandsCalled (argc, argv, &color))
     13:         {
     14:         /*UNIT-тесты*/

--------------------------------------------------
Developed with:

The Dumb Artist Library (TX Library)
TXLib [Ver: 00173a, Rev: 174, Date: 2025-08-17 06:00:49 +0400]
Copyright (C) Ded (Ilya Dedinsky, http://txlib.ru) <mail@txlib.ru>
See license on: http://txlib.ru

TXLib file:	C:\Users\NOTE-NOTE\Desktop\летка\TX\TXLib.h
Compiled:	Aug 26 2025 21:16:46, GNU g++ 4.8.1, std=201103L, MinGW Runtime 3.20, 32-bit, DEBUG
Started:	Aug 26 2025 21:39:34

Run file:	C:\Users\NOTE-NOTE\Desktop\летка\SquareSolver\start.exe
Directory:	C:\Users\NOTE-NOTE\Desktop\летка\SquareSolver

--------------------------------------------------
